<?xml version="1.0" encoding="UTF-8"?>
<!-- Generated by org.testng.reporters.JUnitReportReporter -->
<testsuite hostname="Mohnish-LAPTOP" failures="0" tests="20" name="testRunner.testRun$TestRun" time="140.342" errors="0" timestamp="2023-03-10T21:09:15 PST" skipped="0">
  <testcase classname="testRunner.testRun$TestRun" name="runScenario" time="8.008"/>
  <system-out/>
  <testcase classname="testRunner.testRun$TestRun" name="runScenario" time="8.902"/>
  <system-out/>
  <testcase classname="testRunner.testRun$TestRun" name="runScenario" time="8.808"/>
  <system-out/>
  <testcase classname="testRunner.testRun$TestRun" name="runScenario" time="4.927"/>
  <system-out/>
  <testcase classname="testRunner.testRun$TestRun" name="runScenario" time="9.817"/>
  <system-out/>
  <testcase classname="testRunner.testRun$TestRun" name="runScenario" time="7.970"/>
  <system-out/>
  <testcase classname="testRunner.testRun$TestRun" name="runScenario" time="5.316"/>
  <system-out/>
  <testcase classname="testRunner.testRun$TestRun" name="runScenario" time="17.404"/>
  <system-out/>
  <testcase classname="testRunner.testRun$TestRun" name="runScenario" time="4.553"/>
  <system-out/>
  <testcase classname="testRunner.testRun$TestRun" name="runScenario" time="5.235"/>
  <system-out/>
  <testcase classname="testRunner.testRun$TestRun" name="runScenario" time="5.468"/>
  <system-out/>
  <testcase classname="testRunner.testRun$TestRun" name="runScenario" time="6.449"/>
  <system-out/>
  <testcase classname="testRunner.testRun$TestRun" name="runScenario" time="4.462"/>
  <system-out/>
  <testcase classname="testRunner.testRun$TestRun" name="runScenario" time="5.582"/>
  <system-out/>
  <testcase classname="testRunner.testRun$TestRun" name="runScenario" time="7.880"/>
  <system-out/>
  <testcase classname="testRunner.testRun$TestRun" name="runScenario" time="5.220"/>
  <system-out/>
  <testcase classname="testRunner.testRun$TestRun" name="runScenario" time="8.415"/>
  <system-out/>
  <testcase classname="testRunner.testRun$TestRun" name="runScenario" time="5.164"/>
  <system-out/>
  <testcase classname="testRunner.testRun$TestRun" name="runScenario" time="5.767"/>
  <system-out/>
  <testcase classname="testRunner.testRun$TestRun" name="runScenario" time="4.995"/>
  <system-out/>
</testsuite> <!-- testRunner.testRun$TestRun -->
