<?xml version="1.0" encoding="UTF-8"?>
<!-- Generated by org.testng.reporters.JUnitReportReporter -->
<testsuite hostname="Mohnish-LAPTOP" failures="0" tests="6" name="testRunner.testRun$TestRun" time="43.800" errors="0" timestamp="2023-03-06T22:08:42 PST" skipped="0">
  <testcase classname="testRunner.testRun$TestRun" name="runScenario" time="5.066"/>
  <system-out/>
  <testcase classname="testRunner.testRun$TestRun" name="runScenario" time="4.931"/>
  <system-out/>
  <testcase classname="testRunner.testRun$TestRun" name="runScenario" time="5.550"/>
  <system-out/>
  <testcase classname="testRunner.testRun$TestRun" name="runScenario" time="5.699"/>
  <system-out/>
  <testcase classname="testRunner.testRun$TestRun" name="runScenario" time="14.298"/>
  <system-out/>
  <testcase classname="testRunner.testRun$TestRun" name="runScenario" time="8.256"/>
  <system-out/>
</testsuite> <!-- testRunner.testRun$TestRun -->
