<?xml version="1.0" encoding="UTF-8"?>
<!-- Generated by org.testng.reporters.JUnitReportReporter -->
<testsuite skipped="0" hostname="Mohnish-LAPTOP" name="testRunner.testRun$TestRun" tests="4" failures="0" timestamp="2023-03-20T19:49:53 PDT" time="28.708" errors="0">
  <testcase name="runScenario" time="5.487" classname="testRunner.testRun$TestRun"/>
  <system-out/>
  <testcase name="runScenario" time="5.659" classname="testRunner.testRun$TestRun"/>
  <system-out/>
  <testcase name="runScenario" time="5.630" classname="testRunner.testRun$TestRun"/>
  <system-out/>
  <testcase name="runScenario" time="11.932" classname="testRunner.testRun$TestRun"/>
  <system-out/>
</testsuite> <!-- testRunner.testRun$TestRun -->
